<?xml version="1.0" encoding="UTF-8"?>
<!-- Generated by org.testng.reporters.JUnitXMLReporter -->
<testsuite ignored="0" hostname="LAPTOP-A38V3DO6" failures="1" tests="1" name="Default test" time="5.804" errors="0" timestamp="2023-09-12T18:44:57 IST">
  <testcase classname="io.cucumber.testng.AbstractTestNGCucumberTests" name="runScenario" time="4.548">
    <failure type="java.lang.NullPointerException" message="Cannot invoke &amp;quot;com.aventstack.extentreports.ExtentTest.pass(com.aventstack.extentreports.markuputils.Markup)&amp;quot; because the return value of &amp;quot;java.lang.ThreadLocal.get()&amp;quot; is null">
      <![CDATA[java.lang.NullPointerException: Cannot invoke "com.aventstack.extentreports.ExtentTest.pass(com.aventstack.extentreports.markuputils.Markup)" because the return value of "java.lang.ThreadLocal.get()" is null
at utils.ExtentReporterNG.logPassDetails(ExtentReporterNG.java:45)
at utils.assertResponses.verifyStatusCode(assertResponses.java:63)
at Common.Login.playerLogin(Login.java:47)
at stepdefs.wagerStepDefinitions.user_is_logged_into_the_application(wagerStepDefinitions.java:24)
at âœ½.User is logged into the Application(file:///C:/Users/Sanjay%20Prasad/eclipse-workspace/RestAssured_Frame_Final/src/test/resources/Features/Wager.feature:6)
]]>
    </failure>
  </testcase> <!-- runScenario -->
</testsuite> <!-- Default test -->
