<?xml version="1.0" encoding="UTF-8"?>
<!-- Generated by org.testng.reporters.JUnitXMLReporter -->
<testsuite ignored="0" hostname="LAPTOP-A38V3DO6" failures="2" tests="2" name="Test" time="7.144" errors="0" timestamp="2023-08-11T19:35:19 IST">
  <testcase classname="io.cucumber.testng.AbstractTestNGCucumberTests" name="runScenario" time="4.553">
    <failure type="java.lang.AssertionError" message="expected [20109] but found [200]">
      <![CDATA[java.lang.AssertionError: expected [20109] but found [200]
at utils.assertResponses.verifyStatusCode(assertResponses.java:62)
at Common.Login.playerLogin(Login.java:47)
at stepdefs.wagerStepDefinitions.user_is_logged_into_the_application(wagerStepDefinitions.java:24)
at ✽.User is logged into the Application(file:///C:/Users/Sanjay%20Prasad/eclipse-workspace/RestAssured_Frame_Final/src/test/resources/Features/Wager.feature:13)
... Removed 7 stack frames]]>
    </failure>
  </testcase> <!-- runScenario -->
  <testcase classname="io.cucumber.testng.AbstractTestNGCucumberTests" name="runScenario" time="1.307">
    <failure type="java.lang.AssertionError" message="expected [20109] but found [200]">
      <![CDATA[java.lang.AssertionError: expected [20109] but found [200]
at utils.assertResponses.verifyStatusCode(assertResponses.java:62)
at Common.Login.playerLogin(Login.java:47)
at stepdefs.wagerStepDefinitions.user_is_logged_into_the_application(wagerStepDefinitions.java:24)
at ✽.User is logged into the Application(file:///C:/Users/Sanjay%20Prasad/eclipse-workspace/RestAssured_Frame_Final/src/test/resources/Features/Wager.feature:13)
... Removed 7 stack frames]]>
    </failure>
  </testcase> <!-- runScenario -->
</testsuite> <!-- Test -->
