{"uuid":"8e7afb9d-cc38-4254-9d3f-a7ed6bcf08be","historyId":"a758bb108298485c762d0f37f4e436ed","fullName":"Place Wagers for different games: Place PICK3 Wager","labels":[{"name":"tag","value":"Wager"},{"name":"severity","value":"blocker"},{"name":"tag","value":"Smoke"},{"name":"host","value":"LAPTOP-A38V3DO6"},{"name":"thread","value":"11840@LAPTOP-A38V3DO6.main(1)"},{"name":"feature","value":"Place Wagers for different games"},{"name":"story","value":"Place PICK3 Wager"},{"name":"suite","value":"Place Wagers for different games"},{"name":"testClass","value":"Place PICK3 Wager"},{"name":"framework","value":"cucumber4jvm"},{"name":"language","value":"java"},{"name":"gherkin_uri","value":"file:///C:/Users/Sanjay%20Prasad/eclipse-workspace/RestAssured_Frame_Final/src/test/resources/Features/Wager.feature"},{"name":"package","value":"src.test.resources.Features.Wager_feature.Place Wagers for different games"}],"links":[],"name":"Place PICK3 Wager","status":"broken","statusDetails":{"known":false,"muted":false,"flaky":false,"message":"Cannot invoke \"com.aventstack.extentreports.ExtentTest.pass(com.aventstack.extentreports.markuputils.Markup)\" because the return value of \"java.lang.ThreadLocal.get()\" is null","trace":"java.lang.NullPointerException: Cannot invoke \"com.aventstack.extentreports.ExtentTest.pass(com.aventstack.extentreports.markuputils.Markup)\" because the return value of \"java.lang.ThreadLocal.get()\" is null\r\n\tat utils.ExtentReporterNG.logPassDetails(ExtentReporterNG.java:45)\r\n\tat utils.assertResponses.verifyStatusCode(assertResponses.java:63)\r\n\tat Common.Login.playerLogin(Login.java:47)\r\n\tat stepdefs.wagerStepDefinitions.user_is_logged_into_the_application(wagerStepDefinitions.java:24)\r\n\tat ✽.User is logged into the Application(file:///C:/Users/Sanjay%20Prasad/eclipse-workspace/RestAssured_Frame_Final/src/test/resources/Features/Wager.feature:6)\r\n"},"stage":"finished","steps":[{"name":"Given  User is logged into the Application","status":"broken","statusDetails":{"known":false,"muted":false,"flaky":false,"message":"Cannot invoke \"com.aventstack.extentreports.ExtentTest.pass(com.aventstack.extentreports.markuputils.Markup)\" because the return value of \"java.lang.ThreadLocal.get()\" is null","trace":"java.lang.NullPointerException: Cannot invoke \"com.aventstack.extentreports.ExtentTest.pass(com.aventstack.extentreports.markuputils.Markup)\" because the return value of \"java.lang.ThreadLocal.get()\" is null\r\n\tat utils.ExtentReporterNG.logPassDetails(ExtentReporterNG.java:45)\r\n\tat utils.assertResponses.verifyStatusCode(assertResponses.java:63)\r\n\tat Common.Login.playerLogin(Login.java:47)\r\n\tat stepdefs.wagerStepDefinitions.user_is_logged_into_the_application(wagerStepDefinitions.java:24)\r\n\tat ✽.User is logged into the Application(file:///C:/Users/Sanjay%20Prasad/eclipse-workspace/RestAssured_Frame_Final/src/test/resources/Features/Wager.feature:6)\r\n"},"stage":"finished","steps":[{"name":"playerLogin","status":"broken","statusDetails":{"known":false,"muted":false,"flaky":false,"message":"Cannot invoke \"com.aventstack.extentreports.ExtentTest.pass(com.aventstack.extentreports.markuputils.Markup)\" because the return value of \"java.lang.ThreadLocal.get()\" is null","trace":"java.lang.NullPointerException: Cannot invoke \"com.aventstack.extentreports.ExtentTest.pass(com.aventstack.extentreports.markuputils.Markup)\" because the return value of \"java.lang.ThreadLocal.get()\" is null\r\n\tat utils.ExtentReporterNG.logPassDetails(ExtentReporterNG.java:45)\r\n\tat utils.assertResponses.verifyStatusCode(assertResponses.java:63)\r\n\tat Common.Login.playerLogin(Login.java:47)\r\n\tat stepdefs.wagerStepDefinitions.user_is_logged_into_the_application(wagerStepDefinitions.java:24)\r\n\tat java.base/jdk.internal.reflect.NativeMethodAccessorImpl.invoke0(Native Method)\r\n\tat java.base/jdk.internal.reflect.NativeMethodAccessorImpl.invoke(NativeMethodAccessorImpl.java:77)\r\n\tat java.base/jdk.internal.reflect.DelegatingMethodAccessorImpl.invoke(DelegatingMethodAccessorImpl.java:43)\r\n\tat java.base/java.lang.reflect.Method.invoke(Method.java:568)\r\n\tat io.cucumber.java.Invoker.doInvoke(Invoker.java:66)\r\n\tat io.cucumber.java.Invoker.invoke(Invoker.java:24)\r\n\tat io.cucumber.java.AbstractGlueDefinition.invokeMethod(AbstractGlueDefinition.java:47)\r\n\tat io.cucumber.java.JavaStepDefinition.execute(JavaStepDefinition.java:29)\r\n\tat io.cucumber.core.runner.CoreStepDefinition.execute(CoreStepDefinition.java:66)\r\n\tat io.cucumber.core.runner.PickleStepDefinitionMatch.runStep(PickleStepDefinitionMatch.java:63)\r\n\tat io.cucumber.core.runner.ExecutionMode$1.execute(ExecutionMode.java:10)\r\n\tat io.cucumber.core.runner.TestStep.executeStep(TestStep.java:84)\r\n\tat io.cucumber.core.runner.TestStep.run(TestStep.java:56)\r\n\tat io.cucumber.core.runner.PickleStepTestStep.run(PickleStepTestStep.java:51)\r\n\tat io.cucumber.core.runner.TestCase.run(TestCase.java:84)\r\n\tat io.cucumber.core.runner.Runner.runPickle(Runner.java:75)\r\n\tat io.cucumber.testng.TestNGCucumberRunner.lambda$runScenario$1(TestNGCucumberRunner.java:132)\r\n\tat io.cucumber.core.runtime.CucumberExecutionContext.lambda$runTestCase$5(CucumberExecutionContext.java:137)\r\n\tat io.cucumber.core.runtime.RethrowingThrowableCollector.executeAndThrow(RethrowingThrowableCollector.java:23)\r\n\tat io.cucumber.core.runtime.CucumberExecutionContext.runTestCase(CucumberExecutionContext.java:137)\r\n\tat io.cucumber.testng.TestNGCucumberRunner.runScenario(TestNGCucumberRunner.java:129)\r\n\tat io.cucumber.testng.AbstractTestNGCucumberTests.runScenario(AbstractTestNGCucumberTests.java:35)\r\n\tat java.base/jdk.internal.reflect.NativeMethodAccessorImpl.invoke0(Native Method)\r\n\tat java.base/jdk.internal.reflect.NativeMethodAccessorImpl.invoke(NativeMethodAccessorImpl.java:77)\r\n\tat java.base/jdk.internal.reflect.DelegatingMethodAccessorImpl.invoke(DelegatingMethodAccessorImpl.java:43)\r\n\tat java.base/java.lang.reflect.Method.invoke(Method.java:568)\r\n\tat org.testng.internal.invokers.MethodInvocationHelper.invokeMethod(MethodInvocationHelper.java:139)\r\n\tat org.testng.internal.invokers.TestInvoker.invokeMethod(TestInvoker.java:677)\r\n\tat org.testng.internal.invokers.TestInvoker.invokeTestMethod(TestInvoker.java:221)\r\n\tat org.testng.internal.invokers.MethodRunner.runInSequence(MethodRunner.java:50)\r\n\tat org.testng.internal.invokers.TestInvoker$MethodInvocationAgent.invoke(TestInvoker.java:969)\r\n\tat org.testng.internal.invokers.TestInvoker.invokeTestMethods(TestInvoker.java:194)\r\n\tat org.testng.internal.invokers.TestMethodWorker.invokeTestMethods(TestMethodWorker.java:148)\r\n\tat org.testng.internal.invokers.TestMethodWorker.run(TestMethodWorker.java:128)\r\n\tat java.base/java.util.ArrayList.forEach(ArrayList.java:1511)\r\n\tat org.testng.TestRunner.privateRun(TestRunner.java:829)\r\n\tat org.testng.TestRunner.run(TestRunner.java:602)\r\n\tat org.testng.SuiteRunner.runTest(SuiteRunner.java:437)\r\n\tat org.testng.SuiteRunner.runSequentially(SuiteRunner.java:431)\r\n\tat org.testng.SuiteRunner.privateRun(SuiteRunner.java:391)\r\n\tat org.testng.SuiteRunner.run(SuiteRunner.java:330)\r\n\tat org.testng.SuiteRunnerWorker.runSuite(SuiteRunnerWorker.java:52)\r\n\tat org.testng.SuiteRunnerWorker.run(SuiteRunnerWorker.java:95)\r\n\tat org.testng.TestNG.runSuitesSequentially(TestNG.java:1256)\r\n\tat org.testng.TestNG.runSuitesLocally(TestNG.java:1176)\r\n\tat org.testng.TestNG.runSuites(TestNG.java:1099)\r\n\tat org.testng.TestNG.run(TestNG.java:1067)\r\n\tat org.testng.remote.AbstractRemoteTestNG.run(AbstractRemoteTestNG.java:115)\r\n\tat org.testng.remote.RemoteTestNG.initAndRun(RemoteTestNG.java:251)\r\n\tat org.testng.remote.RemoteTestNG.main(RemoteTestNG.java:77)\r\n"},"stage":"finished","steps":[{"name":"performPost","status":"passed","stage":"finished","steps":[{"name":"getRequestSpecification","status":"passed","stage":"finished","steps":[],"attachments":[],"parameters":[{"name":"baseURL","value":"https://cmdsecgateway-rnd-lot-cmd-d2-northeurope.igtilotterycmdtest.com"},{"name":"payLoad","value":"{\"clientId\":\"InteractivePortalApp\",\"siteId\":25,\"resourceOwnerCredentials\":{\"PASSWORD\":\"Welcome1\",\"USERNAME\":\"testfull8465@mail.com\"}}"},{"name":"headers","value":"{sec-fetch-mode=cors, referer=${_P(CMD_PROTOCOL)}://${_P(CMD_URL)}, expires=0, sec-fetch-site=cross-site, accept-language=en-US,en;q=0.9, x-user-agent=portal, pragma=no-cache, accept=application/json, sec-ch-ua=\"Google Chrome\";v = \"105\", \"Not)A;Brand\";v=\"8\", \"Chromium\";v=\"105\", sec-ch-ua-mobile=?0, x-sub-channel-id=PORTAL, sec-ch-ua-platform=\"Windows\", x-channel-id=INTERNET, content-type=application/json, cache-control=max-age=0, no-cache, no-store, must-revalidate, accept-encoding=gzip, deflate, br, sec-fetch-dest=empty}"}],"start":1694524492880,"stop":1694524493685}],"attachments":[],"parameters":[{"name":"baseURL","value":"https://cmdsecgateway-rnd-lot-cmd-d2-northeurope.igtilotterycmdtest.com"},{"name":"payLoad","value":"{\"clientId\":\"InteractivePortalApp\",\"siteId\":25,\"resourceOwnerCredentials\":{\"PASSWORD\":\"Welcome1\",\"USERNAME\":\"testfull8465@mail.com\"}}"},{"name":"headers","value":"{sec-fetch-mode=cors, referer=${_P(CMD_PROTOCOL)}://${_P(CMD_URL)}, expires=0, sec-fetch-site=cross-site, accept-language=en-US,en;q=0.9, x-user-agent=portal, pragma=no-cache, accept=application/json, sec-ch-ua=\"Google Chrome\";v = \"105\", \"Not)A;Brand\";v=\"8\", \"Chromium\";v=\"105\", sec-ch-ua-mobile=?0, x-sub-channel-id=PORTAL, sec-ch-ua-platform=\"Windows\", x-channel-id=INTERNET, content-type=application/json, cache-control=max-age=0, no-cache, no-store, must-revalidate, accept-encoding=gzip, deflate, br, sec-fetch-dest=empty}"},{"name":"path","value":"/api/v1/oauth/login"}],"start":1694524492880,"stop":1694524496026},{"name":"verifyStatusCode","status":"broken","statusDetails":{"known":false,"muted":false,"flaky":false,"message":"Cannot invoke \"com.aventstack.extentreports.ExtentTest.pass(com.aventstack.extentreports.markuputils.Markup)\" because the return value of \"java.lang.ThreadLocal.get()\" is null","trace":"java.lang.NullPointerException: Cannot invoke \"com.aventstack.extentreports.ExtentTest.pass(com.aventstack.extentreports.markuputils.Markup)\" because the return value of \"java.lang.ThreadLocal.get()\" is null\r\n\tat utils.ExtentReporterNG.logPassDetails(ExtentReporterNG.java:45)\r\n\tat utils.assertResponses.verifyStatusCode(assertResponses.java:63)\r\n\tat Common.Login.playerLogin(Login.java:47)\r\n\tat stepdefs.wagerStepDefinitions.user_is_logged_into_the_application(wagerStepDefinitions.java:24)\r\n\tat java.base/jdk.internal.reflect.NativeMethodAccessorImpl.invoke0(Native Method)\r\n\tat java.base/jdk.internal.reflect.NativeMethodAccessorImpl.invoke(NativeMethodAccessorImpl.java:77)\r\n\tat java.base/jdk.internal.reflect.DelegatingMethodAccessorImpl.invoke(DelegatingMethodAccessorImpl.java:43)\r\n\tat java.base/java.lang.reflect.Method.invoke(Method.java:568)\r\n\tat io.cucumber.java.Invoker.doInvoke(Invoker.java:66)\r\n\tat io.cucumber.java.Invoker.invoke(Invoker.java:24)\r\n\tat io.cucumber.java.AbstractGlueDefinition.invokeMethod(AbstractGlueDefinition.java:47)\r\n\tat io.cucumber.java.JavaStepDefinition.execute(JavaStepDefinition.java:29)\r\n\tat io.cucumber.core.runner.CoreStepDefinition.execute(CoreStepDefinition.java:66)\r\n\tat io.cucumber.core.runner.PickleStepDefinitionMatch.runStep(PickleStepDefinitionMatch.java:63)\r\n\tat io.cucumber.core.runner.ExecutionMode$1.execute(ExecutionMode.java:10)\r\n\tat io.cucumber.core.runner.TestStep.executeStep(TestStep.java:84)\r\n\tat io.cucumber.core.runner.TestStep.run(TestStep.java:56)\r\n\tat io.cucumber.core.runner.PickleStepTestStep.run(PickleStepTestStep.java:51)\r\n\tat io.cucumber.core.runner.TestCase.run(TestCase.java:84)\r\n\tat io.cucumber.core.runner.Runner.runPickle(Runner.java:75)\r\n\tat io.cucumber.testng.TestNGCucumberRunner.lambda$runScenario$1(TestNGCucumberRunner.java:132)\r\n\tat io.cucumber.core.runtime.CucumberExecutionContext.lambda$runTestCase$5(CucumberExecutionContext.java:137)\r\n\tat io.cucumber.core.runtime.RethrowingThrowableCollector.executeAndThrow(RethrowingThrowableCollector.java:23)\r\n\tat io.cucumber.core.runtime.CucumberExecutionContext.runTestCase(CucumberExecutionContext.java:137)\r\n\tat io.cucumber.testng.TestNGCucumberRunner.runScenario(TestNGCucumberRunner.java:129)\r\n\tat io.cucumber.testng.AbstractTestNGCucumberTests.runScenario(AbstractTestNGCucumberTests.java:35)\r\n\tat java.base/jdk.internal.reflect.NativeMethodAccessorImpl.invoke0(Native Method)\r\n\tat java.base/jdk.internal.reflect.NativeMethodAccessorImpl.invoke(NativeMethodAccessorImpl.java:77)\r\n\tat java.base/jdk.internal.reflect.DelegatingMethodAccessorImpl.invoke(DelegatingMethodAccessorImpl.java:43)\r\n\tat java.base/java.lang.reflect.Method.invoke(Method.java:568)\r\n\tat org.testng.internal.invokers.MethodInvocationHelper.invokeMethod(MethodInvocationHelper.java:139)\r\n\tat org.testng.internal.invokers.TestInvoker.invokeMethod(TestInvoker.java:677)\r\n\tat org.testng.internal.invokers.TestInvoker.invokeTestMethod(TestInvoker.java:221)\r\n\tat org.testng.internal.invokers.MethodRunner.runInSequence(MethodRunner.java:50)\r\n\tat org.testng.internal.invokers.TestInvoker$MethodInvocationAgent.invoke(TestInvoker.java:969)\r\n\tat org.testng.internal.invokers.TestInvoker.invokeTestMethods(TestInvoker.java:194)\r\n\tat org.testng.internal.invokers.TestMethodWorker.invokeTestMethods(TestMethodWorker.java:148)\r\n\tat org.testng.internal.invokers.TestMethodWorker.run(TestMethodWorker.java:128)\r\n\tat java.base/java.util.ArrayList.forEach(ArrayList.java:1511)\r\n\tat org.testng.TestRunner.privateRun(TestRunner.java:829)\r\n\tat org.testng.TestRunner.run(TestRunner.java:602)\r\n\tat org.testng.SuiteRunner.runTest(SuiteRunner.java:437)\r\n\tat org.testng.SuiteRunner.runSequentially(SuiteRunner.java:431)\r\n\tat org.testng.SuiteRunner.privateRun(SuiteRunner.java:391)\r\n\tat org.testng.SuiteRunner.run(SuiteRunner.java:330)\r\n\tat org.testng.SuiteRunnerWorker.runSuite(SuiteRunnerWorker.java:52)\r\n\tat org.testng.SuiteRunnerWorker.run(SuiteRunnerWorker.java:95)\r\n\tat org.testng.TestNG.runSuitesSequentially(TestNG.java:1256)\r\n\tat org.testng.TestNG.runSuitesLocally(TestNG.java:1176)\r\n\tat org.testng.TestNG.runSuites(TestNG.java:1099)\r\n\tat org.testng.TestNG.run(TestNG.java:1067)\r\n\tat org.testng.remote.AbstractRemoteTestNG.run(AbstractRemoteTestNG.java:115)\r\n\tat org.testng.remote.RemoteTestNG.initAndRun(RemoteTestNG.java:251)\r\n\tat org.testng.remote.RemoteTestNG.main(RemoteTestNG.java:77)\r\n"},"stage":"finished","steps":[],"attachments":[],"parameters":[{"name":"actualStatusCode","value":"200"},{"name":"expectedResponseData","value":"{\"headers\":{\"X-Cache\":\"CONFIG_NOCACHE\",\"Strict-Transport-Security\":\"max-age=15724800; includeSubDomains\",\"Headers\":\"Transfer-Encoding=chunked\",\"Content-Type\":\"application\\/json\"},\"responseTime\":\"5000\",\"body\":{\"timeStamp\":1690898813450,\"generatorId\":\"aw-random-helm-7fb6b6d7b4-9kblh-16988\",\"boardSpecs\":[{\"rangeExclusions\":[],\"rangeMax\":9,\"withReplacement\":true,\"rangeMin\":0,\"numberOfSelections\":2,\"boards\":[[0,2]],\"numberOfBoards\":1}]},\"statusCode\":\"200\"}"}],"start":1694524496820,"stop":1694524496846}],"attachments":[],"parameters":[],"start":1694524492848,"stop":1694524496847}],"attachments":[],"parameters":[],"start":1694524492783,"stop":1694524496857},{"name":"And  User gets the current account balance","status":"skipped","statusDetails":{"known":false,"muted":false,"flaky":false},"stage":"finished","steps":[],"attachments":[],"parameters":[],"start":1694524496860,"stop":1694524496861},{"name":"When  User gets the \"Pick3\" QuickPick","status":"skipped","statusDetails":{"known":false,"muted":false,"flaky":false},"stage":"finished","steps":[],"attachments":[],"parameters":[],"start":1694524496862,"stop":1694524496922},{"name":"Then  Place PICK3 Wager","status":"skipped","statusDetails":{"known":false,"muted":false,"flaky":false},"stage":"finished","steps":[],"attachments":[],"parameters":[],"start":1694524496923,"stop":1694524496924}],"attachments":[],"parameters":[],"start":1694524492760,"stop":1694524496928}